<?xml version="1.0" encoding="UTF-8"?>
<!-- Generated by org.testng.reporters.JUnitReportReporter -->
<testsuite hostname="LanTheMan" failures="0" tests="1" name="webAutomation.naveenAutomationLabsTest" time="3.717" errors="0" timestamp="2022-07-11T12:58:58 IST" skipped="0">
  <testcase classname="webAutomation.naveenAutomationLabsTest" name="nalTest1" time="3.717"/>
  <system-out/>
</testsuite> <!-- webAutomation.naveenAutomationLabsTest -->
