<?xml version="1.0" encoding="UTF-8"?>
<!-- Generated by org.testng.reporters.JUnitReportReporter -->
<testsuite hostname="LanTheMan" failures="0" tests="1" name="cucumber.Options.TestRunner" time="1.454" errors="0" timestamp="2022-07-28T17:12:26 IST" skipped="0">
  <testcase classname="cucumber.Options.TestRunner" name="runScenario" time="1.454"/>
  <system-out/>
</testsuite> <!-- cucumber.Options.TestRunner -->
