<?xml version="1.0" encoding="UTF-8"?>
<!-- Generated by org.testng.reporters.JUnitReportReporter -->
<testsuite hostname="LanTheMan" failures="0" tests="1" name="webAutomation.WebAutoTest1" time="1.279" errors="0" timestamp="2022-06-22T17:13:27 IST" skipped="0">
  <testcase classname="webAutomation.WebAutoTest1" name="WAT1" time="1.279"/>
  <system-out/>
</testsuite> <!-- webAutomation.WebAutoTest1 -->
