<?xml version="1.0" encoding="UTF-8"?>
<!-- Generated by org.testng.reporters.JUnitReportReporter -->
<testsuite hostname="LanTheMan" failures="0" tests="1" name="mobileAutoTest.MobileAuto1" time="18.235" errors="0" timestamp="2022-07-27T21:17:13 IST" skipped="0">
  <testcase classname="mobileAutoTest.MobileAuto1" name="Testing1" time="18.235"/>
  <system-out/>
</testsuite> <!-- mobileAutoTest.MobileAuto1 -->
