<?xml version="1.0" encoding="UTF-8"?>
<!-- Generated by org.testng.reporters.JUnitReportReporter -->
<testsuite hostname="LanTheMan" failures="0" tests="1" name="webAutomation.naveenAutomationLabsTest" time="6.912" errors="0" timestamp="2022-06-20T17:22:02 IST" skipped="0">
  <testcase classname="webAutomation.naveenAutomationLabsTest" name="nalTest1" time="6.912"/>
  <system-out/>
</testsuite> <!-- webAutomation.naveenAutomationLabsTest -->
