<?xml version="1.0" encoding="UTF-8"?>
<!-- Generated by org.testng.reporters.JUnitReportReporter -->
<testsuite hostname="LanTheMan" failures="0" tests="1" name="mobileAutoTest.MobileAuto1" time="15.621" errors="0" timestamp="2022-06-16T19:52:05 IST" skipped="0">
  <testcase classname="mobileAutoTest.MobileAuto1" name="Testing1" time="15.621"/>
  <system-out/>
</testsuite> <!-- mobileAutoTest.MobileAuto1 -->
