<?xml version="1.0" encoding="UTF-8"?>
<!-- Generated by org.testng.reporters.JUnitReportReporter -->
<testsuite hostname="LanTheMan" failures="0" tests="2" name="cucumber.Options.TestRunner" time="1.774" errors="0" timestamp="2022-07-29T23:24:52 IST" skipped="0">
  <testcase classname="cucumber.Options.TestRunner" name="runScenario" time="0.286"/>
  <system-out/>
  <testcase classname="cucumber.Options.TestRunner" name="runScenario" time="1.488"/>
  <system-out/>
</testsuite> <!-- cucumber.Options.TestRunner -->
