<?xml version="1.0" encoding="UTF-8"?>
<!-- Generated by org.testng.reporters.JUnitReportReporter -->
<testsuite hostname="LanTheMan" failures="0" tests="1" name="webAutomation.WebAutoTest1" time="1.622" errors="0" timestamp="2022-07-11T12:58:58 IST" skipped="0">
  <testcase classname="webAutomation.WebAutoTest1" name="WAT1" time="1.622"/>
  <system-out/>
</testsuite> <!-- webAutomation.WebAutoTest1 -->
